0 info it worked if it ends with ok
1 verbose cli [ '/usr/local/Cellar/node/6.5.0/bin/node',
1 verbose cli   '/usr/local/bin/npm',
1 verbose cli   'run',
1 verbose cli   'express-server' ]
2 info using npm@3.10.3
3 info using node@v6.5.0
4 verbose run-script [ 'preexpress-server', 'express-server', 'postexpress-server' ]
5 info lifecycle temp@1.0.0~preexpress-server: temp@1.0.0
6 silly lifecycle temp@1.0.0~preexpress-server: no script for preexpress-server, continuing
7 info lifecycle temp@1.0.0~express-server: temp@1.0.0
8 verbose lifecycle temp@1.0.0~express-server: unsafe-perm in lifecycle true
9 verbose lifecycle temp@1.0.0~express-server: PATH: /usr/local/lib/node_modules/npm/bin/node-gyp-bin:/Users/mgrin/Projects/personal/temp/node_modules/.bin:/usr/local/Cellar/node/6.5.0/bin:/usr/local/lib/node_modules/npm/bin/node-gyp-bin:/Users/mgrin/Projects/personal/temp/node_modules/.bin:/usr/local/Cellar/node/6.5.0/bin:/usr/local/bin:/usr/bin:/bin:/usr/sbin:/sbin
10 verbose lifecycle temp@1.0.0~express-server: CWD: /Users/mgrin/Projects/personal/temp
11 silly lifecycle temp@1.0.0~express-server: Args: [ '-c', 'nodemon --config nodemon.json' ]
12 silly lifecycle temp@1.0.0~express-server: Returned: code: 1  signal: null
13 info lifecycle temp@1.0.0~express-server: Failed to exec express-server script
14 verbose stack Error: temp@1.0.0 express-server: `nodemon --config nodemon.json`
14 verbose stack Exit status 1
14 verbose stack     at EventEmitter.<anonymous> (/usr/local/lib/node_modules/npm/lib/utils/lifecycle.js:242:16)
14 verbose stack     at emitTwo (events.js:106:13)
14 verbose stack     at EventEmitter.emit (events.js:191:7)
14 verbose stack     at ChildProcess.<anonymous> (/usr/local/lib/node_modules/npm/lib/utils/spawn.js:40:14)
14 verbose stack     at emitTwo (events.js:106:13)
14 verbose stack     at ChildProcess.emit (events.js:191:7)
14 verbose stack     at maybeClose (internal/child_process.js:877:16)
14 verbose stack     at Process.ChildProcess._handle.onexit (internal/child_process.js:226:5)
15 verbose pkgid temp@1.0.0
16 verbose cwd /Users/mgrin/Projects/personal/temp
17 error Darwin 15.6.0
18 error argv "/usr/local/Cellar/node/6.5.0/bin/node" "/usr/local/bin/npm" "run" "express-server"
19 error node v6.5.0
20 error npm  v3.10.3
21 error code ELIFECYCLE
22 error temp@1.0.0 express-server: `nodemon --config nodemon.json`
22 error Exit status 1
23 error Failed at the temp@1.0.0 express-server script 'nodemon --config nodemon.json'.
23 error Make sure you have the latest version of node.js and npm installed.
23 error If you do, this is most likely a problem with the temp package,
23 error not with npm itself.
23 error Tell the author that this fails on your system:
23 error     nodemon --config nodemon.json
23 error You can get information on how to open an issue for this project with:
23 error     npm bugs temp
23 error Or if that isn't available, you can get their info via:
23 error     npm owner ls temp
23 error There is likely additional logging output above.
24 verbose exit [ 1, true ]
